  imgui_tables.cpp
  dllmain.cpp
  hooks.cpp
  imgui_impl_dx11.cpp
  imgui.cpp
  imgui_demo.cpp
  imgui_draw.cpp
  imgui_impl_dx12.cpp
  imgui_impl_win32.cpp
  imgui_widgets.cpp
  kiero.cpp
  buffer.c
  hook.c
  trampoline.c
  hde64.c
  Generating code
  Previous IPDB not found, fall back to full compilation.
  All 1316 functions were compiled because no usable IPDB/IOBJ from previous compilation was found.
  Finished generating code
  Chained Together Trainer.vcxproj -> E:\Coding\Chained Together Trainer\Chained Together Trainer\x64\Release\Chained Together Trainer.dll
