e:\coding\chained together trainer\chained together trainer\chained .06642be7\x64\release\vc143.pdb
e:\coding\chained together trainer\chained together trainer\chained .06642be7\x64\release\kiero.obj
e:\coding\chained together trainer\chained together trainer\chained .06642be7\x64\release\imgui_widgets.obj
e:\coding\chained together trainer\chained together trainer\chained .06642be7\x64\release\imgui_impl_win32.obj
e:\coding\chained together trainer\chained together trainer\chained .06642be7\x64\release\imgui_impl_dx12.obj
e:\coding\chained together trainer\chained together trainer\chained .06642be7\x64\release\imgui_draw.obj
e:\coding\chained together trainer\chained together trainer\chained .06642be7\x64\release\imgui_demo.obj
e:\coding\chained together trainer\chained together trainer\chained .06642be7\x64\release\imgui.obj
e:\coding\chained together trainer\chained together trainer\chained .06642be7\x64\release\imgui_impl_dx11.obj
e:\coding\chained together trainer\chained together trainer\chained .06642be7\x64\release\hooks.obj
e:\coding\chained together trainer\chained together trainer\chained .06642be7\x64\release\dllmain.obj
e:\coding\chained together trainer\chained together trainer\chained .06642be7\x64\release\imgui_tables.obj
e:\coding\chained together trainer\chained together trainer\chained .06642be7\x64\release\hde64.obj
e:\coding\chained together trainer\chained together trainer\chained .06642be7\x64\release\trampoline.obj
e:\coding\chained together trainer\chained together trainer\chained .06642be7\x64\release\hook.obj
e:\coding\chained together trainer\chained together trainer\chained .06642be7\x64\release\buffer.obj
e:\coding\chained together trainer\chained together trainer\x64\release\chained together trainer.dll
e:\coding\chained together trainer\chained together trainer\x64\release\chained together trainer.pdb
e:\coding\chained together trainer\chained together trainer\chained .06642be7\x64\release\chained together trainer.ipdb
e:\coding\chained together trainer\chained together trainer\chained .06642be7\x64\release\chained together trainer.iobj
e:\coding\chained together trainer\chained together trainer\chained .06642be7\x64\release\chained .06642be7.tlog\cl.command.1.tlog
e:\coding\chained together trainer\chained together trainer\chained .06642be7\x64\release\chained .06642be7.tlog\cl.items.tlog
e:\coding\chained together trainer\chained together trainer\chained .06642be7\x64\release\chained .06642be7.tlog\cl.read.1.tlog
e:\coding\chained together trainer\chained together trainer\chained .06642be7\x64\release\chained .06642be7.tlog\cl.write.1.tlog
e:\coding\chained together trainer\chained together trainer\chained .06642be7\x64\release\chained .06642be7.tlog\link.command.1.tlog
e:\coding\chained together trainer\chained together trainer\chained .06642be7\x64\release\chained .06642be7.tlog\link.read.1.tlog
e:\coding\chained together trainer\chained together trainer\chained .06642be7\x64\release\chained .06642be7.tlog\link.secondary.1.tlog
e:\coding\chained together trainer\chained together trainer\chained .06642be7\x64\release\chained .06642be7.tlog\link.write.1.tlog
