e:\coding\chained together trainer\chained together trainer\chained .06642be7\x64\debug\vc143.pdb
e:\coding\chained together trainer\chained together trainer\chained .06642be7\x64\debug\vc143.idb
e:\coding\chained together trainer\chained together trainer\chained .06642be7\x64\debug\kiero.obj
e:\coding\chained together trainer\chained together trainer\chained .06642be7\x64\debug\imgui_widgets.obj
e:\coding\chained together trainer\chained together trainer\chained .06642be7\x64\debug\imgui_impl_win32.obj
e:\coding\chained together trainer\chained together trainer\chained .06642be7\x64\debug\imgui_impl_dx12.obj
e:\coding\chained together trainer\chained together trainer\chained .06642be7\x64\debug\imgui_draw.obj
e:\coding\chained together trainer\chained together trainer\chained .06642be7\x64\debug\imgui_demo.obj
e:\coding\chained together trainer\chained together trainer\chained .06642be7\x64\debug\imgui.obj
e:\coding\chained together trainer\chained together trainer\chained .06642be7\x64\debug\hooks.obj
e:\coding\chained together trainer\chained together trainer\chained .06642be7\x64\debug\dllmain.obj
e:\coding\chained together trainer\chained together trainer\x64\debug\chained together trainer.pdb
e:\coding\chained together trainer\chained together trainer\chained .06642be7\x64\debug\chained .06642be7.tlog\cl.command.1.tlog
e:\coding\chained together trainer\chained together trainer\chained .06642be7\x64\debug\chained .06642be7.tlog\cl.read.1.tlog
e:\coding\chained together trainer\chained together trainer\chained .06642be7\x64\debug\chained .06642be7.tlog\cl.write.1.tlog
e:\coding\chained together trainer\chained together trainer\chained .06642be7\x64\debug\chained .06642be7.tlog\link-cvtres.read.1.tlog
e:\coding\chained together trainer\chained together trainer\chained .06642be7\x64\debug\chained .06642be7.tlog\link-cvtres.write.1.tlog
e:\coding\chained together trainer\chained together trainer\chained .06642be7\x64\debug\chained .06642be7.tlog\link-rc.read.1.tlog
e:\coding\chained together trainer\chained together trainer\chained .06642be7\x64\debug\chained .06642be7.tlog\link-rc.write.1.tlog
e:\coding\chained together trainer\chained together trainer\chained .06642be7\x64\debug\chained .06642be7.tlog\link.command.1.tlog
e:\coding\chained together trainer\chained together trainer\chained .06642be7\x64\debug\chained .06642be7.tlog\link.read.1.tlog
e:\coding\chained together trainer\chained together trainer\chained .06642be7\x64\debug\chained .06642be7.tlog\link.read.2.tlog
e:\coding\chained together trainer\chained together trainer\chained .06642be7\x64\debug\chained .06642be7.tlog\link.write.1.tlog
